
null
null
null
null
null
null
null
null
null
null
ListarPaisesReiniciar
ListarPaisesReiniciar
null
null
null
null
FazerLogin
FazerLogin
paulo@santana.com -> null
null -> paulo@santana.com
paulo@santana.com -> ListarPaisesReiniciar
ListarPaisesReiniciar -> paulo@santana.com
paulo@santana.com -> ListarPaisesBuscar
ListarPaisesBuscar -> paulo@santana.com
paulo@santana.com -> VisualizarPais
VisualizarPais -> paulo@santana.com
paulo@santana.com -> EditarPais
EditarPais -> paulo@santana.com
paulo@santana.com -> AlterarPais
AlterarPais -> paulo@santana.com
paulo@santana.com -> null
null -> paulo@santana.com
paulo@santana.com -> null
null -> paulo@santana.com
paulo@santana.com -> CriarPais
CriarPais -> paulo@santana.com
paulo@santana.com -> ListarPaisesBuscar
ListarPaisesBuscar -> paulo@santana.com
paulo@santana.com -> ExcluirPais
ExcluirPais -> paulo@santana.com